<?xml version="1.0" encoding="UTF-8"?>
<!-- Generated by org.testng.reporters.JUnitXMLReporter -->
<testsuite ignored="0" hostname="LAPTOP-C2Q8BJ3N" failures="0" tests="11" name="Test" time="46.866" errors="0" timestamp="2024-10-15T17:36:17 IST">
  <testcase classname="com.tutorialsNinja.qa.testCases.LoginTest" name="@BeforeMethod setUp" time="45.646">
    <failure type="org.openqa.selenium.ElementNotInteractableException" message="element not interactable
  (Session info: chrome=129.0.6668.100)
Build info: version: &amp;apos;3.141.59&amp;apos;, revision: &amp;apos;e82be7d358&amp;apos;, time: &amp;apos;2018-11-14T08:17:03&amp;apos;
System info: host: &amp;apos;LAPTOP-C2Q8BJ3N&amp;apos;, ip: &amp;apos;192.168.220.215&amp;apos;, os.name: &amp;apos;Windows 11&amp;apos;, os.arch: &amp;apos;amd64&amp;apos;, os.version: &amp;apos;10.0&amp;apos;, java.version: &amp;apos;11.0.20&amp;apos;
Driver info: org.openqa.selenium.chrome.ChromeDriver
Capabilities {acceptInsecureCerts: false, browserName: chrome, browserVersion: 129.0.6668.100, chrome: {chromedriverVersion: 129.0.6668.100 (cf58cba358d..., userDataDir: C:\WINDOWS\SystemTemp\scope...}, fedcm:accounts: true, goog:chromeOptions: {debuggerAddress: localhost:51914}, javascriptEnabled: true, networkConnectionEnabled: false, pageLoadStrategy: normal, platform: WINDOWS, platformName: WINDOWS, proxy: Proxy(), setWindowRect: true, strictFileInteractability: false, timeouts: {implicit: 0, pageLoad: 300000, script: 30000}, unhandledPromptBehavior: dismiss and notify, webauthn:extension:credBlob: true, webauthn:extension:largeBlob: true, webauthn:extension:minPinLength: true, webauthn:extension:prf: true, webauthn:virtualAuthenticators: true}
Session ID: 83bdc4be1be97ec5a1153d50a7fb01f1">
      <![CDATA[org.openqa.selenium.ElementNotInteractableException: element not interactable
  (Session info: chrome=129.0.6668.100)
Build info: version: '3.141.59', revision: 'e82be7d358', time: '2018-11-14T08:17:03'
System info: host: 'LAPTOP-C2Q8BJ3N', ip: '192.168.220.215', os.name: 'Windows 11', os.arch: 'amd64', os.version: '10.0', java.version: '11.0.20'
Driver info: org.openqa.selenium.chrome.ChromeDriver
Capabilities {acceptInsecureCerts: false, browserName: chrome, browserVersion: 129.0.6668.100, chrome: {chromedriverVersion: 129.0.6668.100 (cf58cba358d..., userDataDir: C:\WINDOWS\SystemTemp\scope...}, fedcm:accounts: true, goog:chromeOptions: {debuggerAddress: localhost:51914}, javascriptEnabled: true, networkConnectionEnabled: false, pageLoadStrategy: normal, platform: WINDOWS, platformName: WINDOWS, proxy: Proxy(), setWindowRect: true, strictFileInteractability: false, timeouts: {implicit: 0, pageLoad: 300000, script: 30000}, unhandledPromptBehavior: dismiss and notify, webauthn:extension:credBlob: true, webauthn:extension:largeBlob: true, webauthn:extension:minPinLength: true, webauthn:extension:prf: true, webauthn:virtualAuthenticators: true}
Session ID: 83bdc4be1be97ec5a1153d50a7fb01f1
at org.openqa.selenium.remote.http.W3CHttpResponseCodec.createException(W3CHttpResponseCodec.java:187)
at org.openqa.selenium.remote.http.W3CHttpResponseCodec.decode(W3CHttpResponseCodec.java:122)
at org.openqa.selenium.remote.http.W3CHttpResponseCodec.decode(W3CHttpResponseCodec.java:49)
at org.openqa.selenium.remote.HttpCommandExecutor.execute(HttpCommandExecutor.java:158)
at org.openqa.selenium.remote.service.DriverCommandExecutor.execute(DriverCommandExecutor.java:83)
at org.openqa.selenium.remote.RemoteWebDriver.execute(RemoteWebDriver.java:552)
at org.openqa.selenium.remote.RemoteWebElement.execute(RemoteWebElement.java:285)
at org.openqa.selenium.remote.RemoteWebElement.click(RemoteWebElement.java:84)
at org.openqa.selenium.support.pagefactory.internal.LocatingElementHandler.invoke(LocatingElementHandler.java:51)
at com.sun.proxy.$Proxy11.click(Unknown Source)
at com.tutorialsNinja.qa.pages.HomePage.clickOnMyAccountDropMenu(HomePage.java:29)
at com.tutorialsNinja.qa.testCases.LoginTest.setUp(LoginTest.java:29)
at java.base/java.util.ArrayList.forEach(ArrayList.java:1541)
... Removed 43 stack frames]]>
    </failure>
  </testcase> <!-- @BeforeMethod setUp -->
  <testcase classname="com.tutorialsNinja.qa.base.BaseTest" name="@AfterMethod tearDown" time="0.0">
    <skipped/>
  </testcase> <!-- @AfterMethod tearDown -->
  <testcase classname="com.tutorialsNinja.qa.testCases.LoginTest" name="@BeforeMethod setUp" time="0.0">
    <skipped/>
  </testcase> <!-- @BeforeMethod setUp -->
  <testcase classname="com.tutorialsNinja.qa.base.BaseTest" name="@AfterMethod tearDown" time="0.0">
    <skipped/>
  </testcase> <!-- @AfterMethod tearDown -->
  <testcase classname="com.tutorialsNinja.qa.testCases.LoginTest" name="@BeforeMethod setUp" time="0.0">
    <skipped/>
  </testcase> <!-- @BeforeMethod setUp -->
  <testcase classname="com.tutorialsNinja.qa.base.BaseTest" name="@AfterMethod tearDown" time="0.0">
    <skipped/>
  </testcase> <!-- @AfterMethod tearDown -->
  <testcase classname="com.tutorialsNinja.qa.testCases.LoginTest" name="@BeforeMethod setUp" time="0.0">
    <skipped/>
  </testcase> <!-- @BeforeMethod setUp -->
  <testcase classname="com.tutorialsNinja.qa.base.BaseTest" name="@AfterMethod tearDown" time="0.0">
    <skipped/>
  </testcase> <!-- @AfterMethod tearDown -->
  <testcase classname="com.tutorialsNinja.qa.testCases.LoginTest" name="@BeforeMethod setUp" time="0.0">
    <skipped/>
  </testcase> <!-- @BeforeMethod setUp -->
  <testcase classname="com.tutorialsNinja.qa.base.BaseTest" name="@AfterMethod tearDown" time="0.0">
    <skipped/>
  </testcase> <!-- @AfterMethod tearDown -->
  <testcase classname="com.tutorialsNinja.qa.testCases.LoginTest" name="@BeforeMethod setUp" time="0.0">
    <skipped/>
  </testcase> <!-- @BeforeMethod setUp -->
  <testcase classname="com.tutorialsNinja.qa.base.BaseTest" name="@AfterMethod tearDown" time="0.0">
    <skipped/>
  </testcase> <!-- @AfterMethod tearDown -->
  <testcase classname="com.tutorialsNinja.qa.testCases.LoginTest" name="@BeforeMethod setUp" time="0.0">
    <skipped/>
  </testcase> <!-- @BeforeMethod setUp -->
  <testcase classname="com.tutorialsNinja.qa.base.BaseTest" name="@AfterMethod tearDown" time="0.0">
    <skipped/>
  </testcase> <!-- @AfterMethod tearDown -->
  <testcase classname="com.tutorialsNinja.qa.testCases.LoginTest" name="@BeforeMethod setUp" time="0.0">
    <skipped/>
  </testcase> <!-- @BeforeMethod setUp -->
  <testcase classname="com.tutorialsNinja.qa.base.BaseTest" name="@AfterMethod tearDown" time="0.0">
    <skipped/>
  </testcase> <!-- @AfterMethod tearDown -->
  <testcase classname="com.tutorialsNinja.qa.testCases.LoginTest" name="@BeforeMethod setUp" time="0.0">
    <skipped/>
  </testcase> <!-- @BeforeMethod setUp -->
  <testcase classname="com.tutorialsNinja.qa.base.BaseTest" name="@AfterMethod tearDown" time="0.0">
    <skipped/>
  </testcase> <!-- @AfterMethod tearDown -->
  <testcase classname="com.tutorialsNinja.qa.testCases.LoginTest" name="@BeforeMethod setUp" time="0.0">
    <skipped/>
  </testcase> <!-- @BeforeMethod setUp -->
  <testcase classname="com.tutorialsNinja.qa.base.BaseTest" name="@AfterMethod tearDown" time="0.0">
    <skipped/>
  </testcase> <!-- @AfterMethod tearDown -->
  <testcase classname="com.tutorialsNinja.qa.testCases.LoginTest" name="@BeforeMethod setUp" time="0.0">
    <skipped/>
  </testcase> <!-- @BeforeMethod setUp -->
  <testcase classname="com.tutorialsNinja.qa.base.BaseTest" name="@AfterMethod tearDown" time="0.0">
    <skipped/>
  </testcase> <!-- @AfterMethod tearDown -->
  <testcase classname="com.tutorialsNinja.qa.testCases.LoginTest" name="verifyLoginIntoTheApplicationUsingValidCredentials" time="0.0">
    <skipped/>
  </testcase> <!-- verifyLoginIntoTheApplicationUsingValidCredentials -->
  <testcase classname="com.tutorialsNinja.qa.testCases.LoginTest" name="verifyLoginIntoTheApplicationUsingValidCredentials" time="0.0">
    <skipped/>
  </testcase> <!-- verifyLoginIntoTheApplicationUsingValidCredentials -->
  <testcase classname="com.tutorialsNinja.qa.testCases.LoginTest" name="verifyLoginIntoTheApplicationUsingValidCredentials" time="0.0">
    <skipped/>
  </testcase> <!-- verifyLoginIntoTheApplicationUsingValidCredentials -->
  <testcase classname="com.tutorialsNinja.qa.testCases.LoginTest" name="verifyLoginIntoTheApplicationUsingValidCredentials" time="0.0">
    <skipped/>
  </testcase> <!-- verifyLoginIntoTheApplicationUsingValidCredentials -->
  <testcase classname="com.tutorialsNinja.qa.testCases.LoginTest" name="verifyloggingIntoTheApplicationUsingInvalidCredentials" time="0.0">
    <skipped/>
  </testcase> <!-- verifyloggingIntoTheApplicationUsingInvalidCredentials -->
  <testcase classname="com.tutorialsNinja.qa.testCases.LoginTest" name="verifyloggingIntoTheApplicationUsingInvalidEmailAndValidPassword" time="0.0">
    <skipped/>
  </testcase> <!-- verifyloggingIntoTheApplicationUsingInvalidEmailAndValidPassword -->
  <testcase classname="com.tutorialsNinja.qa.testCases.LoginTest" name="verifyloggingIntoTheApplicationUsingValidEmailAndInvalidPassword" time="0.0">
    <skipped/>
  </testcase> <!-- verifyloggingIntoTheApplicationUsingValidEmailAndInvalidPassword -->
  <testcase classname="com.tutorialsNinja.qa.testCases.LoginTest" name="verifyloggingIntoTheApplicationWithoutProvidingAnyCredentials" time="0.0">
    <skipped/>
  </testcase> <!-- verifyloggingIntoTheApplicationWithoutProvidingAnyCredentials -->
  <testcase classname="com.tutorialsNinja.qa.testCases.LoginTest" name="verifyForgottenPasswordLinkIsAvailableInTheLoginPageAndIsWorking" time="0.001">
    <skipped/>
  </testcase> <!-- verifyForgottenPasswordLinkIsAvailableInTheLoginPageAndIsWorking -->
  <testcase classname="com.tutorialsNinja.qa.testCases.LoginTest" name="verifyLoginIntoTheApplicationUsingKeyboardKeys" time="0.0">
    <skipped/>
  </testcase> <!-- verifyLoginIntoTheApplicationUsingKeyboardKeys -->
  <testcase classname="com.tutorialsNinja.qa.testCases.LoginTest" name="verifyEmailAddressAndPasswordTextFieldInTheLoginPageHaveThePlaceholderText" time="0.0">
    <skipped/>
  </testcase> <!-- verifyEmailAddressAndPasswordTextFieldInTheLoginPageHaveThePlaceholderText -->
</testsuite> <!-- Test -->
